mode: set
github.com/netcracker/core-bootstrap/v2/taskmanager/task_manager.go:23.71,28.2 1 1
github.com/netcracker/core-bootstrap/v2/taskmanager/task_manager.go:30.86,31.29 1 1
github.com/netcracker/core-bootstrap/v2/taskmanager/task_manager.go:31.29,33.51 2 1
github.com/netcracker/core-bootstrap/v2/taskmanager/task_manager.go:33.51,35.4 1 1
github.com/netcracker/core-bootstrap/v2/taskmanager/task_manager.go:38.2,38.29 1 1
github.com/netcracker/core-bootstrap/v2/taskmanager/task_manager.go:38.29,40.43 2 1
github.com/netcracker/core-bootstrap/v2/taskmanager/task_manager.go:40.43,42.4 1 1
github.com/netcracker/core-bootstrap/v2/taskmanager/task_manager.go:44.2,44.12 1 1
github.com/netcracker/core-bootstrap/v2/taskmanager/task_manager.go:47.83,48.23 1 1
github.com/netcracker/core-bootstrap/v2/taskmanager/task_manager.go:48.23,51.3 2 1
github.com/netcracker/core-bootstrap/v2/taskmanager/task_manager.go:51.8,54.3 2 1
